<?xml version="1.0" encoding="UTF-8"?>
<!-- Generated by org.testng.reporters.JUnitReportReporter -->
<testsuite skipped="0" hostname="CDC2-D-CJ0MXJ2" name="newtours.google" tests="1" failures="0" timestamp="05 Oct 2018 03:50:08 GMT" time="0.005" errors="0">
  <testcase name="f" time="0.005" classname="newtours.google"/>
</testsuite> <!-- newtours.google -->
