<?xml version="1.0" encoding="UTF-8"?>
<!-- Generated by org.testng.reporters.JUnitReportReporter -->
<testsuite skipped="0" hostname="CDC2-D-CJ0MXJ2" name="newtours.dp" tests="2" failures="0" timestamp="04 Oct 2018 09:36:55 GMT" time="0.010" errors="0">
  <testcase name="f" time="0.002" classname="newtours.dp"/>
  <testcase name="f" time="0.008" classname="newtours.dp"/>
</testsuite> <!-- newtours.dp -->
