<?xml version="1.0" encoding="UTF-8"?>
<!-- Generated by org.testng.reporters.JUnitReportReporter -->
<testsuite skipped="0" hostname="CDC2-D-CJ0MXJ2" name="newtours.case1" tests="1" failures="0" timestamp="04 Oct 2018 07:11:02 GMT" time="3.618" errors="0">
  <testcase name="f" time="3.618" classname="newtours.case1"/>
</testsuite> <!-- newtours.case1 -->
