<?xml version="1.0" encoding="UTF-8"?>
<!-- Generated by org.testng.reporters.JUnitReportReporter -->
<testsuite skipped="0" hostname="CDC2-D-CJ0MXJ2" name="newtours.NewTest" tests="1" failures="0" timestamp="04 Oct 2018 09:06:35 GMT" time="4.869" errors="0">
  <testcase name="f" time="4.869" classname="newtours.NewTest"/>
</testsuite> <!-- newtours.NewTest -->
